<?xml version="1.0" encoding="UTF-8"?>
<!-- Generated by org.testng.reporters.JUnitReportReporter -->
<testsuite hostname="LAPTOP-REBIO0PR" failures="0" tests="1" name="kitetest.ValidateKiteUserID" time="5.799" errors="0" timestamp="2022-08-08T21:58:43 IST" skipped="0">
  <testcase classname="kitetest.ValidateKiteUserID" name="kiteuserValidation" time="5.799"/>
  <system-out>
    <![CDATA[TC Execution is Started kiteuserValidation
Taken Screenshot
TC Execution is Successful ]]>
  </system-out>
</testsuite> <!-- kitetest.ValidateKiteUserID -->
